
*** Running vivado
    with args -log SEGMENT_ADDER.vds -m64 -product Vivado -mode batch -messageDb vivado.pb -notrace -source SEGMENT_ADDER.tcl


ECHO is off.
ECHO is off.

****** Vivado v2023.1.1 (64-bit)
  **** SW Build 3900603 on Fri Jun 16 19:31:24 MDT 2023
  **** IP Build 3900379 on Sat Jun 17 05:28:05 MDT 2023
  **** SharedData Build 3899622 on Fri Jun 16 03:34:24 MDT 2023
    ** Copyright 1986-2022 Xilinx, Inc. All Rights Reserved.
    ** Copyright 2022-2023 Advanced Micro Devices, Inc. All Rights Reserved.

source SEGMENT_ADDER.tcl -notrace
create_project: Time (s): cpu = 00:00:15 ; elapsed = 00:00:15 . Memory (MB): peak = 476.090 ; gain = 165.758
Command: read_checkpoint -auto_incremental -incremental Z:/Documents/git/CPE-133/Lab-3-Segment-Adder/Lab-3-Segment-Adder/Lab-3-Segment-Adder.srcs/utils_1/imports/synth_1/SEGMENT_ADDER.dcp
INFO: [Vivado 12-5825] Read reference checkpoint from Z:/Documents/git/CPE-133/Lab-3-Segment-Adder/Lab-3-Segment-Adder/Lab-3-Segment-Adder.srcs/utils_1/imports/synth_1/SEGMENT_ADDER.dcp for incremental synthesis
INFO: [Vivado 12-7989] Please ensure there are no constraint changes
Command: synth_design -top SEGMENT_ADDER -part xc7a35ticpg236-1L
Starting synth_design
Attempting to get a license for feature 'Synthesis' and/or device 'xc7a35ti'
INFO: [Common 17-349] Got license for feature 'Synthesis' and/or device 'xc7a35ti'
INFO: [Device 21-403] Loading part xc7a35ticpg236-1L
INFO: [Designutils 20-5440] No compile time benefit to using incremental synthesis; A full resynthesis will be run
INFO: [Designutils 20-4379] Flow is switching to default flow due to incremental criteria not met. If you would like to alter this behaviour and have the flow terminate instead, please set the following parameter config_implementation {autoIncr.Synth.RejectBehavior Terminate}
INFO: [Synth 8-7079] Multithreading enabled for synth_design using a maximum of 2 processes.
INFO: [Synth 8-7078] Launching helper process for spawning children vivado processes
INFO: [Synth 8-7075] Helper process launched with PID 9496
---------------------------------------------------------------------------------
Starting RTL Elaboration : Time (s): cpu = 00:00:11 ; elapsed = 00:00:12 . Memory (MB): peak = 1293.918 ; gain = 411.652
---------------------------------------------------------------------------------
INFO: [Synth 8-6157] synthesizing module 'SEGMENT_ADDER' [Z:/Documents/git/CPE-133/Lab-3-Segment-Adder/Lab-3-Segment-Adder/Lab-3-Segment-Adder.srcs/sources_1/new/SEGMENT_ADDER.sv:23]
INFO: [Synth 8-6157] synthesizing module 'RLC' [Z:/Documents/git/CPE-133/Lab-2-Adder/Lab-2-Adder/Lab-2-Adder.srcs/sources_1/new/RLC.sv:23]
INFO: [Synth 8-6157] synthesizing module 'HA' [Z:/Documents/git/CPE-133/Lab-2-Adder/Lab-2-Adder/Lab-2-Adder.srcs/sources_1/new/HA.sv:23]
INFO: [Synth 8-6155] done synthesizing module 'HA' (0#1) [Z:/Documents/git/CPE-133/Lab-2-Adder/Lab-2-Adder/Lab-2-Adder.srcs/sources_1/new/HA.sv:23]
INFO: [Synth 8-6157] synthesizing module 'FA' [Z:/Documents/git/CPE-133/Lab-2-Adder/Lab-2-Adder/Lab-2-Adder.srcs/sources_1/new/FA.sv:23]
INFO: [Synth 8-6155] done synthesizing module 'FA' (0#1) [Z:/Documents/git/CPE-133/Lab-2-Adder/Lab-2-Adder/Lab-2-Adder.srcs/sources_1/new/FA.sv:23]
INFO: [Synth 8-6155] done synthesizing module 'RLC' (0#1) [Z:/Documents/git/CPE-133/Lab-2-Adder/Lab-2-Adder/Lab-2-Adder.srcs/sources_1/new/RLC.sv:23]
INFO: [Synth 8-6157] synthesizing module 'BIN_HEX' [Z:/Documents/git/CPE-133/Lab-3-Segment-Adder/Lab-3-Segment-Adder/Lab-3-Segment-Adder.srcs/sources_1/new/BIN_HEX.sv:23]
INFO: [Synth 8-226] default block is never used [Z:/Documents/git/CPE-133/Lab-3-Segment-Adder/Lab-3-Segment-Adder/Lab-3-Segment-Adder.srcs/sources_1/new/BIN_HEX.sv:29]
INFO: [Synth 8-6155] done synthesizing module 'BIN_HEX' (0#1) [Z:/Documents/git/CPE-133/Lab-3-Segment-Adder/Lab-3-Segment-Adder/Lab-3-Segment-Adder.srcs/sources_1/new/BIN_HEX.sv:23]
INFO: [Synth 8-6157] synthesizing module 'MUX' [Z:/Documents/git/CPE-133/Lab-3-Segment-Adder/Lab-3-Segment-Adder/Lab-3-Segment-Adder.srcs/sources_1/new/MUX.sv:23]
INFO: [Synth 8-6155] done synthesizing module 'MUX' (0#1) [Z:/Documents/git/CPE-133/Lab-3-Segment-Adder/Lab-3-Segment-Adder/Lab-3-Segment-Adder.srcs/sources_1/new/MUX.sv:23]
INFO: [Synth 8-6155] done synthesizing module 'SEGMENT_ADDER' (0#1) [Z:/Documents/git/CPE-133/Lab-3-Segment-Adder/Lab-3-Segment-Adder/Lab-3-Segment-Adder.srcs/sources_1/new/SEGMENT_ADDER.sv:23]
---------------------------------------------------------------------------------
Finished RTL Elaboration : Time (s): cpu = 00:00:14 ; elapsed = 00:00:15 . Memory (MB): peak = 1384.398 ; gain = 502.133
---------------------------------------------------------------------------------
---------------------------------------------------------------------------------
Start Handling Custom Attributes
---------------------------------------------------------------------------------
---------------------------------------------------------------------------------
Finished Handling Custom Attributes : Time (s): cpu = 00:00:14 ; elapsed = 00:00:16 . Memory (MB): peak = 1384.398 ; gain = 502.133
---------------------------------------------------------------------------------
---------------------------------------------------------------------------------
Finished RTL Optimization Phase 1 : Time (s): cpu = 00:00:14 ; elapsed = 00:00:16 . Memory (MB): peak = 1384.398 ; gain = 502.133
---------------------------------------------------------------------------------
Netlist sorting complete. Time (s): cpu = 00:00:00 ; elapsed = 00:00:00.001 . Memory (MB): peak = 1384.398 ; gain = 0.000
INFO: [Project 1-570] Preparing netlist for logic optimization

Processing XDC Constraints
Initializing timing engine
Parsing XDC File [Z:/Documents/git/CPE-133/Lab-3-Segment-Adder/Lab_3_Basys3_constraints.xdc]
Finished Parsing XDC File [Z:/Documents/git/CPE-133/Lab-3-Segment-Adder/Lab_3_Basys3_constraints.xdc]
INFO: [Project 1-236] Implementation specific constraints were found while reading constraint file [Z:/Documents/git/CPE-133/Lab-3-Segment-Adder/Lab_3_Basys3_constraints.xdc]. These constraints will be ignored for synthesis but will be used in implementation. Impacted constraints are listed in the file [.Xil/SEGMENT_ADDER_propImpl.xdc].
Resolution: To avoid this warning, move constraints listed in [.Xil/SEGMENT_ADDER_propImpl.xdc] to another XDC file and exclude this new file from synthesis with the used_in_synthesis property (File Properties dialog in GUI) and re-run elaboration/synthesis.
Completed Processing XDC Constraints

Netlist sorting complete. Time (s): cpu = 00:00:00 ; elapsed = 00:00:00 . Memory (MB): peak = 1408.207 ; gain = 0.000
INFO: [Project 1-111] Unisim Transformation Summary:
No Unisim elements were transformed.

Constraint Validation Runtime : Time (s): cpu = 00:00:00 ; elapsed = 00:00:00.007 . Memory (MB): peak = 1408.207 ; gain = 0.000
INFO: [Designutils 20-5440] No compile time benefit to using incremental synthesis; A full resynthesis will be run
INFO: [Designutils 20-4379] Flow is switching to default flow due to incremental criteria not met. If you would like to alter this behaviour and have the flow terminate instead, please set the following parameter config_implementation {autoIncr.Synth.RejectBehavior Terminate}
---------------------------------------------------------------------------------
Finished Constraint Validation : Time (s): cpu = 00:00:30 ; elapsed = 00:00:32 . Memory (MB): peak = 1408.207 ; gain = 525.941
---------------------------------------------------------------------------------
---------------------------------------------------------------------------------
Start Loading Part and Timing Information
---------------------------------------------------------------------------------
Loading part: xc7a35ticpg236-1L
---------------------------------------------------------------------------------
Finished Loading Part and Timing Information : Time (s): cpu = 00:00:30 ; elapsed = 00:00:32 . Memory (MB): peak = 1408.207 ; gain = 525.941
---------------------------------------------------------------------------------
---------------------------------------------------------------------------------
Start Applying 'set_property' XDC Constraints
---------------------------------------------------------------------------------
---------------------------------------------------------------------------------
Finished applying 'set_property' XDC Constraints : Time (s): cpu = 00:00:30 ; elapsed = 00:00:32 . Memory (MB): peak = 1408.207 ; gain = 525.941
---------------------------------------------------------------------------------
---------------------------------------------------------------------------------
Finished RTL Optimization Phase 2 : Time (s): cpu = 00:00:30 ; elapsed = 00:00:32 . Memory (MB): peak = 1408.207 ; gain = 525.941
---------------------------------------------------------------------------------
---------------------------------------------------------------------------------
Start RTL Component Statistics 
---------------------------------------------------------------------------------
Detailed RTL Component Info : 
+---XORs : 
	   2 Input      1 Bit         XORs := 1     
	   3 Input      1 Bit         XORs := 3     
+---Muxes : 
	   2 Input    4 Bit        Muxes := 1     
---------------------------------------------------------------------------------
Finished RTL Component Statistics 
---------------------------------------------------------------------------------
---------------------------------------------------------------------------------
Start Part Resource Summary
---------------------------------------------------------------------------------
Part Resources:
DSPs: 90 (col length:60)
BRAMs: 100 (col length: RAMB18 60 RAMB36 30)
---------------------------------------------------------------------------------
Finished Part Resource Summary
---------------------------------------------------------------------------------
---------------------------------------------------------------------------------
Start Cross Boundary and Area Optimization
---------------------------------------------------------------------------------
WARNING: [Synth 8-7080] Parallel synthesis criteria is not met
---------------------------------------------------------------------------------
Finished Cross Boundary and Area Optimization : Time (s): cpu = 00:00:35 ; elapsed = 00:00:37 . Memory (MB): peak = 1408.207 ; gain = 525.941
---------------------------------------------------------------------------------
---------------------------------------------------------------------------------
Start Applying XDC Timing Constraints
---------------------------------------------------------------------------------
---------------------------------------------------------------------------------
Finished Applying XDC Timing Constraints : Time (s): cpu = 00:01:03 ; elapsed = 00:01:06 . Memory (MB): peak = 1408.207 ; gain = 525.941
---------------------------------------------------------------------------------
---------------------------------------------------------------------------------
Start Timing Optimization
---------------------------------------------------------------------------------
---------------------------------------------------------------------------------
Finished Timing Optimization : Time (s): cpu = 00:01:03 ; elapsed = 00:01:06 . Memory (MB): peak = 1408.207 ; gain = 525.941
---------------------------------------------------------------------------------
---------------------------------------------------------------------------------
Start Technology Mapping
---------------------------------------------------------------------------------
---------------------------------------------------------------------------------
Finished Technology Mapping : Time (s): cpu = 00:01:04 ; elapsed = 00:01:06 . Memory (MB): peak = 1408.207 ; gain = 525.941
---------------------------------------------------------------------------------
---------------------------------------------------------------------------------
Start IO Insertion
---------------------------------------------------------------------------------
---------------------------------------------------------------------------------
Start Flattening Before IO Insertion
---------------------------------------------------------------------------------
---------------------------------------------------------------------------------
Finished Flattening Before IO Insertion
---------------------------------------------------------------------------------
---------------------------------------------------------------------------------
Start Final Netlist Cleanup
---------------------------------------------------------------------------------
---------------------------------------------------------------------------------
Finished Final Netlist Cleanup
---------------------------------------------------------------------------------
---------------------------------------------------------------------------------
Finished IO Insertion : Time (s): cpu = 00:01:13 ; elapsed = 00:01:17 . Memory (MB): peak = 1408.207 ; gain = 525.941
---------------------------------------------------------------------------------
---------------------------------------------------------------------------------
Start Renaming Generated Instances
---------------------------------------------------------------------------------
---------------------------------------------------------------------------------
Finished Renaming Generated Instances : Time (s): cpu = 00:01:13 ; elapsed = 00:01:17 . Memory (MB): peak = 1408.207 ; gain = 525.941
---------------------------------------------------------------------------------
---------------------------------------------------------------------------------
Start Rebuilding User Hierarchy
---------------------------------------------------------------------------------
---------------------------------------------------------------------------------
Finished Rebuilding User Hierarchy : Time (s): cpu = 00:01:13 ; elapsed = 00:01:17 . Memory (MB): peak = 1408.207 ; gain = 525.941
---------------------------------------------------------------------------------
---------------------------------------------------------------------------------
Start Renaming Generated Ports
---------------------------------------------------------------------------------
---------------------------------------------------------------------------------
Finished Renaming Generated Ports : Time (s): cpu = 00:01:13 ; elapsed = 00:01:17 . Memory (MB): peak = 1408.207 ; gain = 525.941
---------------------------------------------------------------------------------
---------------------------------------------------------------------------------
Start Handling Custom Attributes
---------------------------------------------------------------------------------
---------------------------------------------------------------------------------
Finished Handling Custom Attributes : Time (s): cpu = 00:01:13 ; elapsed = 00:01:17 . Memory (MB): peak = 1408.207 ; gain = 525.941
---------------------------------------------------------------------------------
---------------------------------------------------------------------------------
Start Renaming Generated Nets
---------------------------------------------------------------------------------
---------------------------------------------------------------------------------
Finished Renaming Generated Nets : Time (s): cpu = 00:01:13 ; elapsed = 00:01:17 . Memory (MB): peak = 1408.207 ; gain = 525.941
---------------------------------------------------------------------------------
---------------------------------------------------------------------------------
Start Writing Synthesis Report
---------------------------------------------------------------------------------

Report BlackBoxes: 
+-+--------------+----------+
| |BlackBox name |Instances |
+-+--------------+----------+
+-+--------------+----------+

Report Cell Usage: 
+------+-----+------+
|      |Cell |Count |
+------+-----+------+
|1     |LUT2 |     1|
|2     |LUT3 |     1|
|3     |LUT4 |     1|
|4     |LUT6 |     9|
|5     |IBUF |     8|
|6     |OBUF |    11|
+------+-----+------+
---------------------------------------------------------------------------------
Finished Writing Synthesis Report : Time (s): cpu = 00:01:13 ; elapsed = 00:01:17 . Memory (MB): peak = 1408.207 ; gain = 525.941
---------------------------------------------------------------------------------
Synthesis finished with 0 errors, 0 critical warnings and 1 warnings.
Synthesis Optimization Runtime : Time (s): cpu = 00:00:56 ; elapsed = 00:01:14 . Memory (MB): peak = 1408.207 ; gain = 502.133
Synthesis Optimization Complete : Time (s): cpu = 00:01:14 ; elapsed = 00:01:17 . Memory (MB): peak = 1408.207 ; gain = 525.941
INFO: [Project 1-571] Translating synthesized netlist
Netlist sorting complete. Time (s): cpu = 00:00:00 ; elapsed = 00:00:00 . Memory (MB): peak = 1408.699 ; gain = 0.000
INFO: [Project 1-570] Preparing netlist for logic optimization
INFO: [Opt 31-138] Pushed 0 inverter(s) to 0 load pin(s).
Netlist sorting complete. Time (s): cpu = 00:00:00 ; elapsed = 00:00:00 . Memory (MB): peak = 1416.543 ; gain = 0.000
INFO: [Project 1-111] Unisim Transformation Summary:
No Unisim elements were transformed.

Synth Design complete | Checksum: 38f07a7a
INFO: [Common 17-83] Releasing license: Synthesis
32 Infos, 1 Warnings, 0 Critical Warnings and 0 Errors encountered.
synth_design completed successfully
synth_design: Time (s): cpu = 00:01:29 ; elapsed = 00:01:33 . Memory (MB): peak = 1416.543 ; gain = 915.590
INFO: [Common 17-1381] The checkpoint 'Z:/Documents/git/CPE-133/Lab-3-Segment-Adder/Lab-3-Segment-Adder/Lab-3-Segment-Adder.runs/synth_1/SEGMENT_ADDER.dcp' has been generated.
INFO: [runtcl-4] Executing : report_utilization -file SEGMENT_ADDER_utilization_synth.rpt -pb SEGMENT_ADDER_utilization_synth.pb
INFO: [Common 17-206] Exiting Vivado at Wed Oct 18 21:22:47 2023...
