
*** Running vivado
    with args -log Multiplier.vds -m64 -product Vivado -mode batch -messageDb vivado.pb -notrace -source Multiplier.tcl


ECHO is off.
ECHO is off.

****** Vivado v2023.1.1 (64-bit)
  **** SW Build 3900603 on Fri Jun 16 19:31:24 MDT 2023
  **** IP Build 3900379 on Sat Jun 17 05:28:05 MDT 2023
  **** SharedData Build 3899622 on Fri Jun 16 03:34:24 MDT 2023
    ** Copyright 1986-2022 Xilinx, Inc. All Rights Reserved.
    ** Copyright 2022-2023 Advanced Micro Devices, Inc. All Rights Reserved.

source Multiplier.tcl -notrace
create_project: Time (s): cpu = 00:00:15 ; elapsed = 00:00:17 . Memory (MB): peak = 473.730 ; gain = 164.680
Command: read_checkpoint -auto_incremental -incremental Z:/Documents/git/CPE-133/Lab-7-Multiplier/Lab-7-Multiplier/Lab-7-Multiplier.srcs/utils_1/imports/synth_1/Multiplier.dcp
INFO: [Vivado 12-5825] Read reference checkpoint from Z:/Documents/git/CPE-133/Lab-7-Multiplier/Lab-7-Multiplier/Lab-7-Multiplier.srcs/utils_1/imports/synth_1/Multiplier.dcp for incremental synthesis
INFO: [Vivado 12-7989] Please ensure there are no constraint changes
Command: synth_design -top Multiplier -part xc7a35ticpg236-1L
Starting synth_design
Attempting to get a license for feature 'Synthesis' and/or device 'xc7a35ti'
INFO: [Common 17-349] Got license for feature 'Synthesis' and/or device 'xc7a35ti'
INFO: [Device 21-403] Loading part xc7a35ticpg236-1L
INFO: [Designutils 20-5440] No compile time benefit to using incremental synthesis; A full resynthesis will be run
INFO: [Designutils 20-4379] Flow is switching to default flow due to incremental criteria not met. If you would like to alter this behaviour and have the flow terminate instead, please set the following parameter config_implementation {autoIncr.Synth.RejectBehavior Terminate}
INFO: [Synth 8-7079] Multithreading enabled for synth_design using a maximum of 2 processes.
INFO: [Synth 8-7078] Launching helper process for spawning children vivado processes
INFO: [Synth 8-7075] Helper process launched with PID 5716
WARNING: [Synth 8-11014] non-net output port 'Q' cannot be initialized at declaration in SystemVerilog mode [Z:/Documents/git/CPE-133/Lab-7-Multiplier/Lab-7-Multiplier/Lab-7-Multiplier.srcs/sources_1/imports/Resources/Accumulator.sv:13]
WARNING: [Synth 8-11014] non-net output port 'Q' cannot be initialized at declaration in SystemVerilog mode [Z:/Documents/git/CPE-133/Lab-7-Multiplier/Lab-7-Multiplier/Lab-7-Multiplier.srcs/sources_1/imports/Resources/ShiftRegister.sv:18]
INFO: [Synth 8-11241] undeclared symbol 'LOCAL_REG1_OUT', assumed default net type 'wire' [Z:/Documents/git/CPE-133/Lab-7-Multiplier/Lab-7-Multiplier/Lab-7-Multiplier.srcs/sources_1/new/Multiplier.sv:69]
INFO: [Synth 8-11241] undeclared symbol 'sclk', assumed default net type 'wire' [Z:/Documents/git/CPE-133/Lab-7-Multiplier/Lab-7-Multiplier/Lab-7-Multiplier.srcs/sources_1/imports/Resources/univ_sseg.v:94]
---------------------------------------------------------------------------------
Starting RTL Elaboration : Time (s): cpu = 00:00:14 ; elapsed = 00:00:15 . Memory (MB): peak = 1291.793 ; gain = 411.270
---------------------------------------------------------------------------------
INFO: [Synth 8-6157] synthesizing module 'Multiplier' [Z:/Documents/git/CPE-133/Lab-7-Multiplier/Lab-7-Multiplier/Lab-7-Multiplier.srcs/sources_1/new/Multiplier.sv:23]
INFO: [Synth 8-6157] synthesizing module 'ShiftRegister' [Z:/Documents/git/CPE-133/Lab-7-Multiplier/Lab-7-Multiplier/Lab-7-Multiplier.srcs/sources_1/imports/Resources/ShiftRegister.sv:13]
INFO: [Synth 8-155] case statement is not full and has no default [Z:/Documents/git/CPE-133/Lab-7-Multiplier/Lab-7-Multiplier/Lab-7-Multiplier.srcs/sources_1/imports/Resources/ShiftRegister.sv:28]
INFO: [Synth 8-6155] done synthesizing module 'ShiftRegister' (0#1) [Z:/Documents/git/CPE-133/Lab-7-Multiplier/Lab-7-Multiplier/Lab-7-Multiplier.srcs/sources_1/imports/Resources/ShiftRegister.sv:13]
INFO: [Synth 8-6157] synthesizing module 'Multiplier_FSM' [Z:/Documents/git/CPE-133/Lab-7-Multiplier/Lab-7-Multiplier/Lab-7-Multiplier.srcs/sources_1/new/Multiplier_FSM.sv:23]
INFO: [Synth 8-6155] done synthesizing module 'Multiplier_FSM' (0#1) [Z:/Documents/git/CPE-133/Lab-7-Multiplier/Lab-7-Multiplier/Lab-7-Multiplier.srcs/sources_1/new/Multiplier_FSM.sv:23]
INFO: [Synth 8-6157] synthesizing module 'Accumulator' [Z:/Documents/git/CPE-133/Lab-7-Multiplier/Lab-7-Multiplier/Lab-7-Multiplier.srcs/sources_1/imports/Resources/Accumulator.sv:10]
INFO: [Synth 8-6155] done synthesizing module 'Accumulator' (0#1) [Z:/Documents/git/CPE-133/Lab-7-Multiplier/Lab-7-Multiplier/Lab-7-Multiplier.srcs/sources_1/imports/Resources/Accumulator.sv:10]
WARNING: [Synth 8-689] width (14) of port connection 'Q' does not match port width (8) of module 'Accumulator' [Z:/Documents/git/CPE-133/Lab-7-Multiplier/Lab-7-Multiplier/Lab-7-Multiplier.srcs/sources_1/new/Multiplier.sv:59]
INFO: [Synth 8-6157] synthesizing module 'univ_sseg' [Z:/Documents/git/CPE-133/Lab-7-Multiplier/Lab-7-Multiplier/Lab-7-Multiplier.srcs/sources_1/imports/Resources/univ_sseg.v:56]
INFO: [Synth 8-6157] synthesizing module 'cnt_convert_14b' [Z:/Documents/git/CPE-133/Lab-7-Multiplier/Lab-7-Multiplier/Lab-7-Multiplier.srcs/sources_1/imports/Resources/univ_sseg.v:249]
INFO: [Synth 8-226] default block is never used [Z:/Documents/git/CPE-133/Lab-7-Multiplier/Lab-7-Multiplier/Lab-7-Multiplier.srcs/sources_1/imports/Resources/univ_sseg.v:268]
INFO: [Synth 8-6155] done synthesizing module 'cnt_convert_14b' (0#1) [Z:/Documents/git/CPE-133/Lab-7-Multiplier/Lab-7-Multiplier/Lab-7-Multiplier.srcs/sources_1/imports/Resources/univ_sseg.v:249]
INFO: [Synth 8-6157] synthesizing module 'cnt_convert_7b' [Z:/Documents/git/CPE-133/Lab-7-Multiplier/Lab-7-Multiplier/Lab-7-Multiplier.srcs/sources_1/imports/Resources/univ_sseg.v:347]
WARNING: [Synth 8-567] referenced signal 'cnt' should be on the sensitivity list [Z:/Documents/git/CPE-133/Lab-7-Multiplier/Lab-7-Multiplier/Lab-7-Multiplier.srcs/sources_1/imports/Resources/univ_sseg.v:361]
INFO: [Synth 8-6155] done synthesizing module 'cnt_convert_7b' (0#1) [Z:/Documents/git/CPE-133/Lab-7-Multiplier/Lab-7-Multiplier/Lab-7-Multiplier.srcs/sources_1/imports/Resources/univ_sseg.v:347]
INFO: [Synth 8-6157] synthesizing module 'clk_divder' [Z:/Documents/git/CPE-133/Lab-7-Multiplier/Lab-7-Multiplier/Lab-7-Multiplier.srcs/sources_1/imports/Resources/univ_sseg.v:232]
INFO: [Synth 8-6155] done synthesizing module 'clk_divder' (0#1) [Z:/Documents/git/CPE-133/Lab-7-Multiplier/Lab-7-Multiplier/Lab-7-Multiplier.srcs/sources_1/imports/Resources/univ_sseg.v:232]
INFO: [Synth 8-226] default block is never used [Z:/Documents/git/CPE-133/Lab-7-Multiplier/Lab-7-Multiplier/Lab-7-Multiplier.srcs/sources_1/imports/Resources/univ_sseg.v:103]
INFO: [Synth 8-226] default block is never used [Z:/Documents/git/CPE-133/Lab-7-Multiplier/Lab-7-Multiplier/Lab-7-Multiplier.srcs/sources_1/imports/Resources/univ_sseg.v:119]
INFO: [Synth 8-226] default block is never used [Z:/Documents/git/CPE-133/Lab-7-Multiplier/Lab-7-Multiplier/Lab-7-Multiplier.srcs/sources_1/imports/Resources/univ_sseg.v:131]
INFO: [Synth 8-226] default block is never used [Z:/Documents/git/CPE-133/Lab-7-Multiplier/Lab-7-Multiplier/Lab-7-Multiplier.srcs/sources_1/imports/Resources/univ_sseg.v:143]
INFO: [Synth 8-226] default block is never used [Z:/Documents/git/CPE-133/Lab-7-Multiplier/Lab-7-Multiplier/Lab-7-Multiplier.srcs/sources_1/imports/Resources/univ_sseg.v:155]
INFO: [Synth 8-226] default block is never used [Z:/Documents/git/CPE-133/Lab-7-Multiplier/Lab-7-Multiplier/Lab-7-Multiplier.srcs/sources_1/imports/Resources/univ_sseg.v:167]
INFO: [Synth 8-6155] done synthesizing module 'univ_sseg' (0#1) [Z:/Documents/git/CPE-133/Lab-7-Multiplier/Lab-7-Multiplier/Lab-7-Multiplier.srcs/sources_1/imports/Resources/univ_sseg.v:56]
WARNING: [Synth 8-689] width (20) of port connection 'cnt1' does not match port width (14) of module 'univ_sseg' [Z:/Documents/git/CPE-133/Lab-7-Multiplier/Lab-7-Multiplier/Lab-7-Multiplier.srcs/sources_1/new/Multiplier.sv:64]
INFO: [Synth 8-6155] done synthesizing module 'Multiplier' (0#1) [Z:/Documents/git/CPE-133/Lab-7-Multiplier/Lab-7-Multiplier/Lab-7-Multiplier.srcs/sources_1/new/Multiplier.sv:23]
WARNING: [Synth 8-87] always_comb on 'next_state_reg' did not result in combinational logic [Z:/Documents/git/CPE-133/Lab-7-Multiplier/Lab-7-Multiplier/Lab-7-Multiplier.srcs/sources_1/new/Multiplier_FSM.sv:55]
WARNING: [Synth 8-3848] Net LOCAL_REG1_OUT in module/entity Multiplier does not have driver. [Z:/Documents/git/CPE-133/Lab-7-Multiplier/Lab-7-Multiplier/Lab-7-Multiplier.srcs/sources_1/new/Multiplier.sv:69]
---------------------------------------------------------------------------------
Finished RTL Elaboration : Time (s): cpu = 00:00:18 ; elapsed = 00:00:19 . Memory (MB): peak = 1386.684 ; gain = 506.160
---------------------------------------------------------------------------------
---------------------------------------------------------------------------------
Start Handling Custom Attributes
---------------------------------------------------------------------------------
---------------------------------------------------------------------------------
Finished Handling Custom Attributes : Time (s): cpu = 00:00:18 ; elapsed = 00:00:20 . Memory (MB): peak = 1386.684 ; gain = 506.160
---------------------------------------------------------------------------------
---------------------------------------------------------------------------------
Finished RTL Optimization Phase 1 : Time (s): cpu = 00:00:18 ; elapsed = 00:00:20 . Memory (MB): peak = 1386.684 ; gain = 506.160
---------------------------------------------------------------------------------
Netlist sorting complete. Time (s): cpu = 00:00:00 ; elapsed = 00:00:00.014 . Memory (MB): peak = 1386.684 ; gain = 0.000
INFO: [Project 1-570] Preparing netlist for logic optimization

Processing XDC Constraints
Initializing timing engine
Parsing XDC File [Z:/Documents/git/CPE-133/Lab-7-Multiplier/Lab_7_Basys3_constraints.xdc]
Finished Parsing XDC File [Z:/Documents/git/CPE-133/Lab-7-Multiplier/Lab_7_Basys3_constraints.xdc]
INFO: [Project 1-236] Implementation specific constraints were found while reading constraint file [Z:/Documents/git/CPE-133/Lab-7-Multiplier/Lab_7_Basys3_constraints.xdc]. These constraints will be ignored for synthesis but will be used in implementation. Impacted constraints are listed in the file [.Xil/Multiplier_propImpl.xdc].
Resolution: To avoid this warning, move constraints listed in [.Xil/Multiplier_propImpl.xdc] to another XDC file and exclude this new file from synthesis with the used_in_synthesis property (File Properties dialog in GUI) and re-run elaboration/synthesis.
Completed Processing XDC Constraints

Netlist sorting complete. Time (s): cpu = 00:00:00 ; elapsed = 00:00:00 . Memory (MB): peak = 1467.355 ; gain = 0.000
INFO: [Project 1-111] Unisim Transformation Summary:
No Unisim elements were transformed.

Constraint Validation Runtime : Time (s): cpu = 00:00:00 ; elapsed = 00:00:00.012 . Memory (MB): peak = 1467.355 ; gain = 0.000
INFO: [Designutils 20-5440] No compile time benefit to using incremental synthesis; A full resynthesis will be run
INFO: [Designutils 20-4379] Flow is switching to default flow due to incremental criteria not met. If you would like to alter this behaviour and have the flow terminate instead, please set the following parameter config_implementation {autoIncr.Synth.RejectBehavior Terminate}
---------------------------------------------------------------------------------
Finished Constraint Validation : Time (s): cpu = 00:00:38 ; elapsed = 00:00:41 . Memory (MB): peak = 1467.355 ; gain = 586.832
---------------------------------------------------------------------------------
---------------------------------------------------------------------------------
Start Loading Part and Timing Information
---------------------------------------------------------------------------------
Loading part: xc7a35ticpg236-1L
---------------------------------------------------------------------------------
Finished Loading Part and Timing Information : Time (s): cpu = 00:00:38 ; elapsed = 00:00:41 . Memory (MB): peak = 1467.355 ; gain = 586.832
---------------------------------------------------------------------------------
---------------------------------------------------------------------------------
Start Applying 'set_property' XDC Constraints
---------------------------------------------------------------------------------
---------------------------------------------------------------------------------
Finished applying 'set_property' XDC Constraints : Time (s): cpu = 00:00:38 ; elapsed = 00:00:41 . Memory (MB): peak = 1467.355 ; gain = 586.832
---------------------------------------------------------------------------------
INFO: [Synth 8-802] inferred FSM for state register 'state_reg' in module 'Multiplier_FSM'
WARNING: [Synth 8-327] inferring latch for variable 'FSM_sequential_next_state_reg' [Z:/Documents/git/CPE-133/Lab-7-Multiplier/Lab-7-Multiplier/Lab-7-Multiplier.srcs/sources_1/new/Multiplier_FSM.sv:55]
WARNING: [Synth 8-327] inferring latch for variable 'FSM_onehot_next_state_reg' [Z:/Documents/git/CPE-133/Lab-7-Multiplier/Lab-7-Multiplier/Lab-7-Multiplier.srcs/sources_1/new/Multiplier_FSM.sv:55]
---------------------------------------------------------------------------------------------------
                   State |                     New Encoding |                Previous Encoding 
---------------------------------------------------------------------------------------------------
                     STA |                           000001 |                              000
                     STB |                           000010 |                              001
                     STC |                           000100 |                              010
                     STD |                           001000 |                              011
                     STE |                           010000 |                              100
                     STF |                           100000 |                              101
---------------------------------------------------------------------------------------------------
INFO: [Synth 8-3354] encoded FSM with state register 'state_reg' using encoding 'one-hot' in module 'Multiplier_FSM'
WARNING: [Synth 8-327] inferring latch for variable 'FSM_onehot_next_state_reg' [Z:/Documents/git/CPE-133/Lab-7-Multiplier/Lab-7-Multiplier/Lab-7-Multiplier.srcs/sources_1/new/Multiplier_FSM.sv:55]
---------------------------------------------------------------------------------
Finished RTL Optimization Phase 2 : Time (s): cpu = 00:00:39 ; elapsed = 00:00:42 . Memory (MB): peak = 1467.355 ; gain = 586.832
---------------------------------------------------------------------------------
---------------------------------------------------------------------------------
Start RTL Component Statistics 
---------------------------------------------------------------------------------
Detailed RTL Component Info : 
+---Adders : 
	   2 Input   14 Bit       Adders := 18    
	   2 Input    8 Bit       Adders := 1     
	   2 Input    4 Bit       Adders := 14    
	   2 Input    2 Bit       Adders := 1     
+---Registers : 
	                8 Bit    Registers := 2     
	                2 Bit    Registers := 1     
+---Muxes : 
	   4 Input   14 Bit        Muxes := 1     
	   4 Input    8 Bit        Muxes := 1     
	   2 Input    8 Bit        Muxes := 2     
	   8 Input    4 Bit        Muxes := 1     
	   4 Input    4 Bit        Muxes := 5     
	   6 Input    3 Bit        Muxes := 1     
	   6 Input    2 Bit        Muxes := 1     
	   4 Input    1 Bit        Muxes := 1     
	   6 Input    1 Bit        Muxes := 3     
---------------------------------------------------------------------------------
Finished RTL Component Statistics 
---------------------------------------------------------------------------------
---------------------------------------------------------------------------------
Start Part Resource Summary
---------------------------------------------------------------------------------
Part Resources:
DSPs: 90 (col length:60)
BRAMs: 100 (col length: RAMB18 60 RAMB36 30)
---------------------------------------------------------------------------------
Finished Part Resource Summary
---------------------------------------------------------------------------------
---------------------------------------------------------------------------------
Start Cross Boundary and Area Optimization
---------------------------------------------------------------------------------
WARNING: [Synth 8-7080] Parallel synthesis criteria is not met
WARNING: [Synth 8-3332] Sequential element (FSM0/FSM_onehot_state_reg[5]) is unused and will be removed from module Multiplier.
WARNING: [Synth 8-3332] Sequential element (FSM0/FSM_onehot_next_state_reg[5]) is unused and will be removed from module Multiplier.
---------------------------------------------------------------------------------
Finished Cross Boundary and Area Optimization : Time (s): cpu = 00:00:48 ; elapsed = 00:00:52 . Memory (MB): peak = 1467.355 ; gain = 586.832
---------------------------------------------------------------------------------
---------------------------------------------------------------------------------
Start Applying XDC Timing Constraints
---------------------------------------------------------------------------------
---------------------------------------------------------------------------------
Finished Applying XDC Timing Constraints : Time (s): cpu = 00:01:21 ; elapsed = 00:01:25 . Memory (MB): peak = 1467.355 ; gain = 586.832
---------------------------------------------------------------------------------
---------------------------------------------------------------------------------
Start Timing Optimization
---------------------------------------------------------------------------------
---------------------------------------------------------------------------------
Finished Timing Optimization : Time (s): cpu = 00:01:23 ; elapsed = 00:01:27 . Memory (MB): peak = 1467.355 ; gain = 586.832
---------------------------------------------------------------------------------
---------------------------------------------------------------------------------
Start Technology Mapping
---------------------------------------------------------------------------------
---------------------------------------------------------------------------------
Finished Technology Mapping : Time (s): cpu = 00:01:23 ; elapsed = 00:01:28 . Memory (MB): peak = 1467.355 ; gain = 586.832
---------------------------------------------------------------------------------
---------------------------------------------------------------------------------
Start IO Insertion
---------------------------------------------------------------------------------
---------------------------------------------------------------------------------
Start Flattening Before IO Insertion
---------------------------------------------------------------------------------
---------------------------------------------------------------------------------
Finished Flattening Before IO Insertion
---------------------------------------------------------------------------------
---------------------------------------------------------------------------------
Start Final Netlist Cleanup
---------------------------------------------------------------------------------
---------------------------------------------------------------------------------
Finished Final Netlist Cleanup
---------------------------------------------------------------------------------
---------------------------------------------------------------------------------
Finished IO Insertion : Time (s): cpu = 00:01:35 ; elapsed = 00:01:39 . Memory (MB): peak = 1467.355 ; gain = 586.832
---------------------------------------------------------------------------------
---------------------------------------------------------------------------------
Start Renaming Generated Instances
---------------------------------------------------------------------------------
---------------------------------------------------------------------------------
Finished Renaming Generated Instances : Time (s): cpu = 00:01:35 ; elapsed = 00:01:39 . Memory (MB): peak = 1467.355 ; gain = 586.832
---------------------------------------------------------------------------------
---------------------------------------------------------------------------------
Start Rebuilding User Hierarchy
---------------------------------------------------------------------------------
---------------------------------------------------------------------------------
Finished Rebuilding User Hierarchy : Time (s): cpu = 00:01:35 ; elapsed = 00:01:39 . Memory (MB): peak = 1467.355 ; gain = 586.832
---------------------------------------------------------------------------------
---------------------------------------------------------------------------------
Start Renaming Generated Ports
---------------------------------------------------------------------------------
---------------------------------------------------------------------------------
Finished Renaming Generated Ports : Time (s): cpu = 00:01:35 ; elapsed = 00:01:39 . Memory (MB): peak = 1467.355 ; gain = 586.832
---------------------------------------------------------------------------------
---------------------------------------------------------------------------------
Start Handling Custom Attributes
---------------------------------------------------------------------------------
---------------------------------------------------------------------------------
Finished Handling Custom Attributes : Time (s): cpu = 00:01:35 ; elapsed = 00:01:39 . Memory (MB): peak = 1467.355 ; gain = 586.832
---------------------------------------------------------------------------------
---------------------------------------------------------------------------------
Start Renaming Generated Nets
---------------------------------------------------------------------------------
---------------------------------------------------------------------------------
Finished Renaming Generated Nets : Time (s): cpu = 00:01:35 ; elapsed = 00:01:39 . Memory (MB): peak = 1467.355 ; gain = 586.832
---------------------------------------------------------------------------------
---------------------------------------------------------------------------------
Start Writing Synthesis Report
---------------------------------------------------------------------------------

Report BlackBoxes: 
+-+--------------+----------+
| |BlackBox name |Instances |
+-+--------------+----------+
+-+--------------+----------+

Report Cell Usage: 
+------+-------+------+
|      |Cell   |Count |
+------+-------+------+
|1     |BUFG   |     1|
|2     |CARRY4 |    10|
|3     |LUT1   |     9|
|4     |LUT2   |    14|
|5     |LUT3   |     6|
|6     |LUT4   |    17|
|7     |LUT5   |    19|
|8     |LUT6   |    31|
|9     |FDCE   |     4|
|10    |FDPE   |     1|
|11    |FDRE   |    32|
|12    |LD     |     5|
|13    |IBUF   |    10|
|14    |OBUF   |    12|
+------+-------+------+
---------------------------------------------------------------------------------
Finished Writing Synthesis Report : Time (s): cpu = 00:01:35 ; elapsed = 00:01:39 . Memory (MB): peak = 1467.355 ; gain = 586.832
---------------------------------------------------------------------------------
Synthesis finished with 0 errors, 0 critical warnings and 6 warnings.
Synthesis Optimization Runtime : Time (s): cpu = 00:01:12 ; elapsed = 00:01:33 . Memory (MB): peak = 1467.355 ; gain = 506.160
Synthesis Optimization Complete : Time (s): cpu = 00:01:35 ; elapsed = 00:01:39 . Memory (MB): peak = 1467.355 ; gain = 586.832
INFO: [Project 1-571] Translating synthesized netlist
Netlist sorting complete. Time (s): cpu = 00:00:00 ; elapsed = 00:00:00.004 . Memory (MB): peak = 1467.355 ; gain = 0.000
INFO: [Netlist 29-17] Analyzing 15 Unisim elements for replacement
INFO: [Netlist 29-28] Unisim Transformation completed in 0 CPU seconds
INFO: [Project 1-570] Preparing netlist for logic optimization
INFO: [Opt 31-138] Pushed 0 inverter(s) to 0 load pin(s).
Netlist sorting complete. Time (s): cpu = 00:00:00 ; elapsed = 00:00:00 . Memory (MB): peak = 1467.355 ; gain = 0.000
INFO: [Project 1-111] Unisim Transformation Summary:
  A total of 5 instances were transformed.
  LD => LDCE: 5 instances

Synth Design complete | Checksum: be10b723
INFO: [Common 17-83] Releasing license: Synthesis
49 Infos, 13 Warnings, 0 Critical Warnings and 0 Errors encountered.
synth_design completed successfully
synth_design: Time (s): cpu = 00:01:52 ; elapsed = 00:02:02 . Memory (MB): peak = 1467.355 ; gain = 968.773
INFO: [Common 17-1381] The checkpoint 'Z:/Documents/git/CPE-133/Lab-7-Multiplier/Lab-7-Multiplier/Lab-7-Multiplier.runs/synth_1/Multiplier.dcp' has been generated.
INFO: [runtcl-4] Executing : report_utilization -file Multiplier_utilization_synth.rpt -pb Multiplier_utilization_synth.pb
INFO: [Common 17-206] Exiting Vivado at Fri Dec  1 00:20:20 2023...
