Copyright 1986-2022 Xilinx, Inc. All Rights Reserved. Copyright 2022-2023 Advanced Micro Devices, Inc. All Rights Reserved.
---------------------------------------------------------------------------------------------------------------------------------------------
| Tool Version : Vivado v.2023.1.1 (win64) Build 3900603 Fri Jun 16 19:31:24 MDT 2023
| Date         : Sat Nov 18 15:05:43 2023
| Host         : ETHANVOSBURAA6F running 64-bit major release  (build 9200)
| Command      : report_control_sets -verbose -file SequenceDetector_control_sets_placed.rpt
| Design       : SequenceDetector
| Device       : xc7a35ti
---------------------------------------------------------------------------------------------------------------------------------------------

Control Set Information

Table of Contents
-----------------
1. Summary
2. Histogram
3. Flip-Flop Distribution
4. Detailed Control Set Information

1. Summary
----------

+----------------------------------------------------------+-------+
|                          Status                          | Count |
+----------------------------------------------------------+-------+
| Total control sets                                       |     5 |
|    Minimum number of control sets                        |     5 |
|    Addition due to synthesis replication                 |     0 |
|    Addition due to physical synthesis replication        |     0 |
| Unused register locations in slices containing registers |    14 |
+----------------------------------------------------------+-------+
* Control sets can be merged at opt_design using control_set_merge or merge_equivalent_drivers
** Run report_qor_suggestions for automated merging and remapping suggestions


2. Histogram
------------

+--------------------+-------+
|       Fanout       | Count |
+--------------------+-------+
| Total control sets |     5 |
| >= 0 to < 4        |     2 |
| >= 4 to < 6        |     0 |
| >= 6 to < 8        |     1 |
| >= 8 to < 10       |     0 |
| >= 10 to < 12      |     0 |
| >= 12 to < 14      |     0 |
| >= 14 to < 16      |     0 |
| >= 16              |     2 |
+--------------------+-------+
* Control sets can be remapped at either synth_design or opt_design


3. Flip-Flop Distribution
-------------------------

+--------------+-----------------------+------------------------+-----------------+--------------+
| Clock Enable | Synchronous Set/Reset | Asynchronous Set/Reset | Total Registers | Total Slices |
+--------------+-----------------------+------------------------+-----------------+--------------+
| No           | No                    | No                     |              10 |            5 |
| No           | No                    | Yes                    |               0 |            0 |
| No           | Yes                   | No                     |              64 |           18 |
| Yes          | No                    | No                     |               0 |            0 |
| Yes          | No                    | Yes                    |               0 |            0 |
| Yes          | Yes                   | No                     |               0 |            0 |
+--------------+-----------------------+------------------------+-----------------+--------------+


4. Detailed Control Set Information
-----------------------------------

+-----------------------+---------------+-------------------------+------------------+----------------+--------------+
|      Clock Signal     | Enable Signal |     Set/Reset Signal    | Slice Load Count | Bel Load Count | Bels / Slice |
+-----------------------+---------------+-------------------------+------------------+----------------+--------------+
|  BC_DEC_0/my_clk/CLK  |               |                         |                1 |              2 |         2.00 |
|  GLOBAL_CLK_IBUF_BUFG |               |                         |                2 |              2 |         1.00 |
|  CLK_DIV_0/CLK        |               |                         |                2 |              6 |         3.00 |
|  GLOBAL_CLK_IBUF_BUFG |               | BC_DEC_0/my_clk/tmp_clk |                9 |             32 |         3.56 |
|  GLOBAL_CLK_IBUF_BUFG |               | CLK_DIV_0/tmp_clk       |                9 |             32 |         3.56 |
+-----------------------+---------------+-------------------------+------------------+----------------+--------------+


